skip	49827	https://necheleslaw.com/
skip	58679	https://necheleslaw.com/attorneys/
skip	10456	https://necheleslaw.com/attorneys/?framework=FW1&variant=0&r
skip	43042	https://necheleslaw.com/author/admin/
skip	42301	https://necheleslaw.com/category/uncategorized/
skip	812	https://necheleslaw.com/comments/feed/
skip	59813	https://necheleslaw.com/contact/
skip	805	https://necheleslaw.com/feed/
skip	55650	https://necheleslaw.com/gedalia-m-stern/
skip	53368	https://necheleslaw.com/hello-world/
skip	54405	https://necheleslaw.com/hello-world/?replytocom=1
skip	58920	https://necheleslaw.com/necheles-law-in-the-press/
skip	47685	https://necheleslaw.com/practices/
skip	57083	https://necheleslaw.com/representative-matters/
skip	116	https://necheleslaw.com/robots.txt
skip	59578	https://necheleslaw.com/susan-r-necheles/
skip	21	https://necheleslaw.com/wp-admin/admin-ajax.php
skip	25438	https://necheleslaw.com/wp-admin/css/forms.min.css
skip	2477	https://necheleslaw.com/wp-admin/css/l10n.min.css
skip	6315	https://necheleslaw.com/wp-admin/css/login.min.css
skip	1123	https://necheleslaw.com/wp-admin/js/password-strength-meter.min.js
fail	0	https://necheleslaw.com/wp-admin/js/password-strength-meter.min.js?ver=6.7.2
ok	6187	https://necheleslaw.com/wp-admin/js/user-profile.min.js
ok	0	https://necheleslaw.com/wp-admin/load-scripts.php?c=0
ok	326	https://necheleslaw.com/wp-content/plugins/fusion-builder/assets/images/iLightbox/closedhand.cur
ok	2255	https://necheleslaw.com/wp-content/plugins/fusion-builder/assets/images/iLightbox/metro-white-skin/alert.png
ok	502	https://necheleslaw.com/wp-content/plugins/fusion-builder/assets/images/iLightbox/metro-white-skin/arrow-next-hover-icon-64.png
ok	827	https://necheleslaw.com/wp-content/plugins/fusion-builder/assets/images/iLightbox/metro-white-skin/arrow-next-icon-64.png
ok	626	https://necheleslaw.com/wp-content/plugins/fusion-builder/assets/images/iLightbox/metro-white-skin/arrow-prev-hover-icon-64.png
ok	837	https://necheleslaw.com/wp-content/plugins/fusion-builder/assets/images/iLightbox/metro-white-skin/arrow-prev-icon-64.png
ok	1817	https://necheleslaw.com/wp-content/plugins/fusion-builder/assets/images/iLightbox/metro-white-skin/arrows_horizontal.png
ok	1794	https://necheleslaw.com/wp-content/plugins/fusion-builder/assets/images/iLightbox/metro-white-skin/arrows_vertical.png
ok	777	https://necheleslaw.com/wp-content/plugins/fusion-builder/assets/images/iLightbox/metro-white-skin/buttons.png
ok	972	https://necheleslaw.com/wp-content/plugins/fusion-builder/assets/images/iLightbox/metro-white-skin/caption-bg.png
ok	243	https://necheleslaw.com/wp-content/plugins/fusion-builder/assets/images/iLightbox/metro-white-skin/fullscreen-hover-icon-64.png
ok	235	https://necheleslaw.com/wp-content/plugins/fusion-builder/assets/images/iLightbox/metro-white-skin/fullscreen-icon-64.png
ok	209	https://necheleslaw.com/wp-content/plugins/fusion-builder/assets/images/iLightbox/metro-white-skin/pause-hover-icon-64.png
ok	224	https://necheleslaw.com/wp-content/plugins/fusion-builder/assets/images/iLightbox/metro-white-skin/pause-icon-64.png
fail	0	https://necheleslaw.com/wp-content/plugins/fusion-builder/assets/images/iLightbox/metro-white-skin/play-hover-icon-64.png
fail	0	https://necheleslaw.com/wp-content/plugins/fusion-builder/assets/images/iLightbox/metro-white-skin/play-icon-64.png
fail	0	https://necheleslaw.com/wp-content/plugins/fusion-builder/assets/images/iLightbox/metro-white-skin/preloader.gif
ok	930	https://necheleslaw.com/wp-content/plugins/fusion-builder/assets/images/iLightbox/metro-white-skin/social-bg.png
ok	578	https://necheleslaw.com/wp-content/plugins/fusion-builder/assets/images/iLightbox/metro-white-skin/thumb-overlay-play.png
ok	528	https://necheleslaw.com/wp-content/plugins/fusion-builder/assets/images/iLightbox/metro-white-skin/x-mark-hover-icon-64.png
ok	785	https://necheleslaw.com/wp-content/plugins/fusion-builder/assets/images/iLightbox/metro-white-skin/x-mark-icon-64.png
ok	4598	https://necheleslaw.com/wp-content/plugins/fusion-builder/assets/images/mejs-controls-dark.svg
ok	3741	https://necheleslaw.com/wp-content/themes/Avada/assets/images/patterns/pattern1.png
ok	134346	https://necheleslaw.com/wp-content/themes/Avada/includes/lib/assets/fonts/fontawesome/webfonts/fa-brands-400.eot
ok	747545	https://necheleslaw.com/wp-content/themes/Avada/includes/lib/assets/fonts/fontawesome/webfonts/fa-brands-400.svg
ok	134040	https://necheleslaw.com/wp-content/themes/Avada/includes/lib/assets/fonts/fontawesome/webfonts/fa-brands-400.ttf
ok	90060	https://necheleslaw.com/wp-content/themes/Avada/includes/lib/assets/fonts/fontawesome/webfonts/fa-brands-400.woff
ok	76736	https://necheleslaw.com/wp-content/themes/Avada/includes/lib/assets/fonts/fontawesome/webfonts/fa-brands-400.woff2
ok	34034	https://necheleslaw.com/wp-content/themes/Avada/includes/lib/assets/fonts/fontawesome/webfonts/fa-regular-400.eot
ok	144714	https://necheleslaw.com/wp-content/themes/Avada/includes/lib/assets/fonts/fontawesome/webfonts/fa-regular-400.svg
ok	33736	https://necheleslaw.com/wp-content/themes/Avada/includes/lib/assets/fonts/fontawesome/webfonts/fa-regular-400.ttf
ok	16276	https://necheleslaw.com/wp-content/themes/Avada/includes/lib/assets/fonts/fontawesome/webfonts/fa-regular-400.woff
ok	13264	https://necheleslaw.com/wp-content/themes/Avada/includes/lib/assets/fonts/fontawesome/webfonts/fa-regular-400.woff2
ok	203030	https://necheleslaw.com/wp-content/themes/Avada/includes/lib/assets/fonts/fontawesome/webfonts/fa-solid-900.eot
ok	918991	https://necheleslaw.com/wp-content/themes/Avada/includes/lib/assets/fonts/fontawesome/webfonts/fa-solid-900.svg
fail	0	https://necheleslaw.com/wp-content/themes/Avada/includes/lib/assets/fonts/fontawesome/webfonts/fa-solid-900.ttf
fail	0	https://necheleslaw.com/wp-content/themes/Avada/includes/lib/assets/fonts/fontawesome/webfonts/fa-solid-900.woff
fail	0	https://necheleslaw.com/wp-content/themes/Avada/includes/lib/assets/fonts/fontawesome/webfonts/fa-solid-900.woff2
ok	62393	https://necheleslaw.com/wp-content/themes/Avada/includes/lib/assets/fonts/icomoon/awb-icons.svg
ok	19088	https://necheleslaw.com/wp-content/themes/Avada/includes/lib/assets/fonts/icomoon/awb-icons.ttf
ok	19164	https://necheleslaw.com/wp-content/themes/Avada/includes/lib/assets/fonts/icomoon/awb-icons.woff
ok	3045	https://necheleslaw.com/wp-content/uploads/2021/11/LOGO.png
ok	1575	https://necheleslaw.com/wp-content/uploads/2021/11/favicon-1.png
ok	728591	https://necheleslaw.com/wp-content/uploads/2021/11/giammarco-xLhKkk2tKkA-unsplash-scaled.jpg
ok	3204	https://necheleslaw.com/wp-content/uploads/2021/11/mobile-logo.png
ok	16628	https://necheleslaw.com/wp-content/uploads/2021/11/retina.png
ok	8145	https://necheleslaw.com/wp-content/uploads/2022/03/SRN-page-1-200x242.jpg
ok	100421	https://necheleslaw.com/wp-content/uploads/2022/03/SRN-page-1.jpg
ok	7134	https://necheleslaw.com/wp-content/uploads/2022/03/SRNp-200x200.jpg
ok	86004	https://necheleslaw.com/wp-content/uploads/2022/03/SRNp.jpg
ok	7434	https://necheleslaw.com/wp-content/uploads/2022/03/Stern-6514-1-200x200.jpg
ok	87029	https://necheleslaw.com/wp-content/uploads/2022/03/Stern-6514-1.jpg
ok	344075	https://necheleslaw.com/wp-content/uploads/2022/03/susan.jpg
ok	362893	https://necheleslaw.com/wp-content/uploads/fusion-scripts/11315720c6db49083be5d79d70e3dfa9.min.js
fail	0	https://necheleslaw.com/wp-content/uploads/fusion-scripts/3b32d607f7c4b10f4bf6074edcff441c.min.js
fail	0	https://necheleslaw.com/wp-content/uploads/fusion-scripts/3b32d607f7c4b10f4bf6074edcff441c.min.js?ver=3.6
fail	0	https://necheleslaw.com/wp-content/uploads/fusion-scripts/5920d194c228444f100158300a98bd7a.min.js
ok	134218	https://necheleslaw.com/wp-content/uploads/fusion-scripts/5920d194c228444f100158300a98bd7a.min.js?ver=3.6
ok	357238	https://necheleslaw.com/wp-content/uploads/fusion-scripts/8ece9cd1f240ba67a2894d333ce003e2.min.js
ok	104620	https://necheleslaw.com/wp-content/uploads/fusion-scripts/8ece9cd1f240ba67a2894d333ce003e2.min.js?ver=3.6
ok	357238	https://necheleslaw.com/wp-content/uploads/fusion-scripts/b03fc945b6174f4f4493b4392caf0f73.min.js
ok	357238	https://necheleslaw.com/wp-content/uploads/fusion-scripts/b03fc945b6174f4f4493b4392caf0f73.min.js?ver=3.6
ok	105098	https://necheleslaw.com/wp-content/uploads/fusion-scripts/cca0163a6a5fc08fa56b0dffc1786524.min.js?ver=3.6
ok	372192	https://necheleslaw.com/wp-content/uploads/fusion-scripts/fc506888de2af5ca33f61be9f28938f2.min.js
ok	109567	https://necheleslaw.com/wp-content/uploads/fusion-scripts/fc506888de2af5ca33f61be9f28938f2.min.js?ver=3.6
ok	1084266	https://necheleslaw.com/wp-content/uploads/fusion-styles/37ef58b98f7411cc8e5690586855207c.min.css
ok	1081633	https://necheleslaw.com/wp-content/uploads/fusion-styles/c7260bdfa1b859f17ef346907ca9cfbf.min.css
ok	1081633	https://necheleslaw.com/wp-content/uploads/fusion-styles/c7260bdfa1b859f17ef346907ca9cfbf.min.css?ver=3.6
ok	1081178	https://necheleslaw.com/wp-content/uploads/fusion-styles/f1844af11908d9638482ade971327f89.min.css
ok	174270	https://necheleslaw.com/wp-content/uploads/fusion-styles/f1844af11908d9638482ade971327f89.min.css?ver=3.6
ok	5854	https://necheleslaw.com/wp-includes/css/buttons.min.css
ok	291	https://necheleslaw.com/wp-includes/css/classic-themes.min.css
ok	59016	https://necheleslaw.com/wp-includes/css/dashicons.min.css
ok	88932	https://necheleslaw.com/wp-includes/css/dist/block-library/style.min.css
ok	13898	https://necheleslaw.com/wp-includes/css/dist/block-library/style.min.css?ver=5.9.3
ok	88932	https://necheleslaw.com/wp-includes/css/dist/block-library/style.min.css?ver=6.0.2
fail	0	https://necheleslaw.com/wp-includes/css/dist/block-library/style.min.css?ver=6.2
fail	0	https://necheleslaw.com/wp-includes/css/dist/block-library/style.min.css?ver=6.4.3
ok	18892	https://necheleslaw.com/wp-includes/css/dist/block-library/style.min.css?ver=6.5.2
ok	18892	https://necheleslaw.com/wp-includes/css/dist/block-library/style.min.css?ver=6.5.3
ok	116363	https://necheleslaw.com/wp-includes/css/dist/block-library/style.min.css?ver=6.8.1
ok	116345	https://necheleslaw.com/wp-includes/css/dist/block-library/style.min.css?ver=6.8.2
ok	321	https://necheleslaw.com/wp-includes/js/dist/dom-ready.min.js?ver=f77871ff7694fffea381
ok	4910	https://necheleslaw.com/wp-includes/js/dist/hooks.min.js
ok	10222	https://necheleslaw.com/wp-includes/js/dist/i18n.min.js
ok	6475	https://necheleslaw.com/wp-includes/js/dist/vendor/regenerator-runtime.min.js
ok	19142	https://necheleslaw.com/wp-includes/js/dist/vendor/wp-polyfill.min.js
ok	11224	https://necheleslaw.com/wp-includes/js/jquery/jquery-migrate.min.js
ok	13424	https://necheleslaw.com/wp-includes/js/jquery/jquery-migrate.min.js?ver=3.4.0
ok	13577	https://necheleslaw.com/wp-includes/js/jquery/jquery-migrate.min.js?ver=3.4.1
ok	89521	https://necheleslaw.com/wp-includes/js/jquery/jquery.min.js
ok	89815	https://necheleslaw.com/wp-includes/js/jquery/jquery.min.js?ver=3.6.3
ok	87553	https://necheleslaw.com/wp-includes/js/jquery/jquery.min.js?ver=3.7.1
ok	18911	https://necheleslaw.com/wp-includes/js/underscore.min.js
ok	145575	https://necheleslaw.com/wp-includes/js/wp-emoji-loader.min.js
ok	4676	https://necheleslaw.com/wp-includes/js/wp-emoji-release.min.js?ver=5.9.3
ok	5744	https://necheleslaw.com/wp-includes/js/wp-emoji-release.min.js?ver=6.2
ok	5771	https://necheleslaw.com/wp-includes/js/wp-emoji-release.min.js?ver=6.5.2
fail	0	https://necheleslaw.com/wp-includes/js/wp-emoji-release.min.js?ver=6.9.4
fail	0	https://necheleslaw.com/wp-includes/js/wp-util.min.js
ok	351	https://necheleslaw.com/wp-includes/js/zxcvbn-async.min.js
ok	1045	https://necheleslaw.com/wp-includes/wlwmanifest.xml
ok	244575	https://necheleslaw.com/wp-json/
skip	4096	https://necheleslaw.com/wp-json/oembed/1.0
ok	2089	https://necheleslaw.com/wp-json/oembed/1.0/embed?url=https%3A%2F%2Fnecheleslaw.com%2F
ok	2248	https://necheleslaw.com/wp-json/oembed/1.0/embed?url=https%3A%2F%2Fnecheleslaw.com%2F&format=xml
ok	2126	https://necheleslaw.com/wp-json/oembed/1.0/embed?url=https%3A%2F%2Fnecheleslaw.com%2Fattorneys%2F
ok	1123	https://necheleslaw.com/wp-json/oembed/1.0/embed?url=https%3A%2F%2Fnecheleslaw.com%2Fattorneys%2F&format=xml
ok	2116	https://necheleslaw.com/wp-json/oembed/1.0/embed?url=https%3A%2F%2Fnecheleslaw.com%2Fcontact%2F
ok	2273	https://necheleslaw.com/wp-json/oembed/1.0/embed?url=https%3A%2F%2Fnecheleslaw.com%2Fcontact%2F&format=xml
ok	2159	https://necheleslaw.com/wp-json/oembed/1.0/embed?url=https%3A%2F%2Fnecheleslaw.com%2Fgedalia-m-stern%2F
ok	1137	https://necheleslaw.com/wp-json/oembed/1.0/embed?url=https%3A%2F%2Fnecheleslaw.com%2Fgedalia-m-stern%2F&format=xml
ok	2203	https://necheleslaw.com/wp-json/oembed/1.0/embed?url=https%3A%2F%2Fnecheleslaw.com%2Fnecheles-law-in-the-press%2F
ok	1151	https://necheleslaw.com/wp-json/oembed/1.0/embed?url=https%3A%2F%2Fnecheleslaw.com%2Fnecheles-law-in-the-press%2F&format=xml
ok	2123	https://necheleslaw.com/wp-json/oembed/1.0/embed?url=https%3A%2F%2Fnecheleslaw.com%2Fpractices%2F
ok	2280	https://necheleslaw.com/wp-json/oembed/1.0/embed?url=https%3A%2F%2Fnecheleslaw.com%2Fpractices%2F&format=xml
fail	0	https://necheleslaw.com/wp-json/oembed/1.0/embed?url=https%3A%2F%2Fnecheleslaw.com%2Fsusan-r-necheles%2F
fail	0	https://necheleslaw.com/wp-json/oembed/1.0/embed?url=https%3A%2F%2Fnecheleslaw.com%2Fsusan-r-necheles%2F&format=xml
ok	16159	https://necheleslaw.com/wp-json/wp/v2/pages/116
ok	10221	https://necheleslaw.com/wp-json/wp/v2/pages/2
ok	8090	https://necheleslaw.com/wp-json/wp/v2/pages/20
ok	19505	https://necheleslaw.com/wp-json/wp/v2/pages/31
ok	19576	https://necheleslaw.com/wp-json/wp/v2/pages/51
ok	22886	https://necheleslaw.com/wp-json/wp/v2/pages/61
ok	20131	https://necheleslaw.com/wp-json/wp/v2/pages/68
ok	637	https://necheleslaw.com/wp-json/wp/v2/users/1
ok	1021	https://necheleslaw.com/wp-sitemap-posts-page-1.xml
ok	293	https://necheleslaw.com/wp-sitemap-posts-post-1.xml
ok	260	https://necheleslaw.com/wp-sitemap-taxonomies-category-1.xml
ok	250	https://necheleslaw.com/wp-sitemap-users-1.xml
fail	0	https://necheleslaw.com/wp-sitemap.xml
fail	0	https://necheleslaw.com/xmlrpc.php?rsd
ok	49827	https://www.necheleslaw.com/
ok	36077	https://www.necheleslaw.com/Attorney-Disciplinary-Proceedings
ok	39668	https://www.necheleslaw.com/Criminal-Defense
ok	76372	https://www.necheleslaw.com/Frameworks/FW1/css/main.css?$pagename=/&framework=FW1&variant=0&r=
ok	20367	https://www.necheleslaw.com/Frameworks/FW1/main.js
ok	39720	https://www.necheleslaw.com/Gedalia-Stern
ok	39075	https://www.necheleslaw.com/Internal-Corporate-Investigations
ok	38158	https://www.necheleslaw.com/Paralell-Civil-Litigation
ok	38905	https://www.necheleslaw.com/Securities-and-regulatory-investigations
ok	153914	https://www.necheleslaw.com/_Incapsula_Resource?SWJIYLWA=719d34d31c8e3a6e6fffd425f7e032f3&ns=4&cb=970668215
ok	37605	https://www.necheleslaw.com/accessibility
ok	58679	https://www.necheleslaw.com/attorneys
ok	59813	https://www.necheleslaw.com/contact
ok	611	https://www.necheleslaw.com/css/master.css
ok	2445	https://www.necheleslaw.com/css/normalize.min.css
ok	21619	https://www.necheleslaw.com/css/print.css
ok	1251	https://www.necheleslaw.com/favicon.ico
ok	38670	https://www.necheleslaw.com/firm-overview
ok	3396	https://www.necheleslaw.com/js/ie8.js
fail	0	https://www.necheleslaw.com/js/libs/fancybox/jquery.fancybox.min.css?v=3.5.7
fail	0	https://www.necheleslaw.com/js/libs/fancybox/jquery.fancybox.min.js
ok	84245	https://www.necheleslaw.com/js/libs/jquery-2.1.1.min.js
ok	253669	https://www.necheleslaw.com/js/libs/jquery-ui/jquery-ui.min.js
ok	19182	https://www.necheleslaw.com/js/libs/jquery.bxslider.min.js
ok	1559	https://www.necheleslaw.com/js/libs/jquery.hashchange.min.js
ok	24368	https://www.necheleslaw.com/js/libs/jquery.validate-1.19.min.js
ok	226236	https://www.necheleslaw.com/js/libs/nanogallery/jquery.nanogallery2.min.js
ok	21064	https://www.necheleslaw.com/js/libs/nanogallery/nanogallery2.min.css
ok	6548	https://www.necheleslaw.com/js/plugins.js
ok	34546	https://www.necheleslaw.com/js/script.js
ok	15833	https://www.necheleslaw.com/js/search.js
ok	2545	https://www.necheleslaw.com/js/track_downloads.js
ok	15367	https://www.necheleslaw.com/js/vendor/modernizr-2.6.1.min.js
ok	3029	https://www.necheleslaw.com/js/videogallery.js
ok	38359	https://www.necheleslaw.com/practice-areas
ok	116	https://www.necheleslaw.com/robots.txt
ok	5183	https://www.necheleslaw.com/siteFiles/9597787F-6538-4539-B63C-C6C3B43821BE/printLogo/logo2021-print.png
ok	4954	https://www.necheleslaw.com/siteFiles/9597787f-6538-4539-b63c-c6c3b43821be/homepageImages/hero_transparent.png
ok	40341	https://www.necheleslaw.com/sitedisclaimer
ok	38194	https://www.necheleslaw.com/sitemap
ok	43424	https://www.necheleslaw.com/susan-necheles
ok	44982	https://www.necheleslaw.com/susan-necheles?view=repMatters
ok	44982	https://www.necheleslaw.com/susan-necheles?view=repmatters
ok	503	https://www.necheleslaw.com/vcard/Gedalia-Stern
ok	515	https://www.necheleslaw.com/vcard/susan-necheles
